<?xml version="1.0" encoding="UTF-8"?>
<coverage generated="1694355084693" clover="3.2.0">
  <project timestamp="1694355084693" name="All files">
    <metrics statements="192" coveredstatements="192" conditionals="98" coveredconditionals="97" methods="23" coveredmethods="23" elements="313" coveredelements="312" complexity="0" loc="192" ncloc="192" packages="1" files="9" classes="9"/>
    <file name="1-matches-per-year.js" path="/Users/vishalz/Desktop/js-ipl-project/src/server/functions/1-matches-per-year.js">
      <metrics statements="10" coveredstatements="10" conditionals="4" coveredconditionals="4" methods="2" coveredmethods="2"/>
      <line num="1" count="1" type="stmt"/>
      <line num="2" count="4" type="cond" truecount="2" falsecount="0"/>
      <line num="3" count="1" type="stmt"/>
      <line num="5" count="3" type="stmt"/>
      <line num="6" count="3" type="stmt"/>
      <line num="7" count="857" type="cond" truecount="2" falsecount="0"/>
      <line num="8" count="25" type="stmt"/>
      <line num="10" count="832" type="stmt"/>
      <line num="13" count="3" type="stmt"/>
      <line num="16" count="1" type="stmt"/>
    </file>
    <file name="2-matches-won-per-team-per-year.js" path="/Users/vishalz/Desktop/js-ipl-project/src/server/functions/2-matches-won-per-team-per-year.js">
      <metrics statements="14" coveredstatements="14" conditionals="8" coveredconditionals="7" methods="1" coveredmethods="1"/>
      <line num="1" count="1" type="stmt"/>
      <line num="2" count="2" type="cond" truecount="2" falsecount="0"/>
      <line num="3" count="1" type="stmt"/>
      <line num="5" count="1" type="stmt"/>
      <line num="6" count="1" type="stmt"/>
      <line num="7" count="10" type="stmt"/>
      <line num="8" count="10" type="cond" truecount="2" falsecount="0"/>
      <line num="9" count="5" type="stmt"/>
      <line num="11" count="10" type="cond" truecount="1" falsecount="1"/>
      <line num="12" count="10" type="cond" truecount="2" falsecount="0"/>
      <line num="13" count="9" type="stmt"/>
      <line num="15" count="1" type="stmt"/>
      <line num="18" count="1" type="stmt"/>
      <line num="20" count="1" type="stmt"/>
    </file>
    <file name="3-extra-runs-conceded-2016.js" path="/Users/vishalz/Desktop/js-ipl-project/src/server/functions/3-extra-runs-conceded-2016.js">
      <metrics statements="17" coveredstatements="17" conditionals="10" coveredconditionals="10" methods="1" coveredmethods="1"/>
      <line num="1" count="1" type="stmt"/>
      <line num="2" count="4" type="cond" truecount="4" falsecount="0"/>
      <line num="3" count="1" type="stmt"/>
      <line num="5" count="3" type="stmt"/>
      <line num="6" count="3" type="stmt"/>
      <line num="7" count="855" type="cond" truecount="2" falsecount="0"/>
      <line num="8" count="79" type="stmt"/>
      <line num="11" count="3" type="stmt"/>
      <line num="12" count="3" type="stmt"/>
      <line num="13" count="200480" type="cond" truecount="2" falsecount="0"/>
      <line num="14" count="15255" type="stmt"/>
      <line num="15" count="15255" type="stmt"/>
      <line num="17" count="15255" type="cond" truecount="2" falsecount="0"/>
      <line num="18" count="19" type="stmt"/>
      <line num="20" count="15236" type="stmt"/>
      <line num="24" count="3" type="stmt"/>
      <line num="27" count="1" type="stmt"/>
    </file>
    <file name="4-top-10-economical-bowlers-2015.js" path="/Users/vishalz/Desktop/js-ipl-project/src/server/functions/4-top-10-economical-bowlers-2015.js">
      <metrics statements="30" coveredstatements="30" conditionals="20" coveredconditionals="20" methods="6" coveredmethods="6"/>
      <line num="1" count="1" type="stmt"/>
      <line num="2" count="3" type="cond" truecount="4" falsecount="0"/>
      <line num="3" count="1" type="stmt"/>
      <line num="6" count="2" type="stmt"/>
      <line num="7" count="2" type="stmt"/>
      <line num="8" count="847" type="cond" truecount="2" falsecount="0"/>
      <line num="9" count="79" type="stmt"/>
      <line num="13" count="2" type="stmt"/>
      <line num="14" count="2" type="stmt"/>
      <line num="15" count="200461" type="cond" truecount="2" falsecount="0"/>
      <line num="16" count="15243" type="stmt"/>
      <line num="17" count="15243" type="stmt"/>
      <line num="20" count="15243" type="stmt"/>
      <line num="21" count="15243" type="stmt"/>
      <line num="23" count="15243" type="cond" truecount="2" falsecount="0"/>
      <line num="24" count="178" type="stmt"/>
      <line num="29" count="15065" type="cond" truecount="4" falsecount="0"/>
      <line num="30" count="545" type="stmt"/>
      <line num="32" count="14520" type="stmt"/>
      <line num="33" count="14520" type="stmt"/>
      <line num="34" count="14520" type="cond" truecount="2" falsecount="0"/>
      <line num="35" count="752" type="stmt"/>
      <line num="41" count="2" type="stmt"/>
      <line num="42" count="178" type="stmt"/>
      <line num="47" count="119" type="stmt"/>
      <line num="53" count="572" type="stmt"/>
      <line num="54" count="2" type="stmt"/>
      <line num="56" count="20" type="stmt"/>
      <line num="58" count="2" type="stmt"/>
      <line num="61" count="1" type="stmt"/>
    </file>
    <file name="5-toss-and-match-wins.js" path="/Users/vishalz/Desktop/js-ipl-project/src/server/functions/5-toss-and-match-wins.js">
      <metrics statements="11" coveredstatements="11" conditionals="6" coveredconditionals="6" methods="2" coveredmethods="2"/>
      <line num="1" count="1" type="stmt"/>
      <line num="2" count="4" type="cond" truecount="2" falsecount="0"/>
      <line num="3" count="1" type="stmt"/>
      <line num="5" count="3" type="stmt"/>
      <line num="6" count="3" type="stmt"/>
      <line num="7" count="856" type="cond" truecount="2" falsecount="0"/>
      <line num="8" count="434" type="cond" truecount="2" falsecount="0"/>
      <line num="9" count="31" type="stmt"/>
      <line num="11" count="403" type="stmt"/>
      <line num="15" count="3" type="stmt"/>
      <line num="18" count="1" type="stmt"/>
    </file>
    <file name="6-player-of-the-match-awards.js" path="/Users/vishalz/Desktop/js-ipl-project/src/server/functions/6-player-of-the-match-awards.js">
      <metrics statements="27" coveredstatements="27" conditionals="12" coveredconditionals="12" methods="2" coveredmethods="2"/>
      <line num="1" count="1" type="stmt"/>
      <line num="2" count="4" type="cond" truecount="2" falsecount="0"/>
      <line num="3" count="1" type="stmt"/>
      <line num="6" count="3" type="stmt"/>
      <line num="7" count="3" type="stmt"/>
      <line num="8" count="866" type="stmt"/>
      <line num="9" count="866" type="stmt"/>
      <line num="11" count="866" type="cond" truecount="2" falsecount="0"/>
      <line num="12" count="24" type="stmt"/>
      <line num="15" count="866" type="cond" truecount="2" falsecount="0"/>
      <line num="16" count="863" type="cond" truecount="2" falsecount="0"/>
      <line num="17" count="631" type="stmt"/>
      <line num="19" count="232" type="stmt"/>
      <line num="24" count="3" type="stmt"/>
      <line num="25" count="3" type="stmt"/>
      <line num="26" count="24" type="stmt"/>
      <line num="27" count="24" type="stmt"/>
      <line num="28" count="24" type="stmt"/>
      <line num="30" count="24" type="stmt"/>
      <line num="31" count="631" type="cond" truecount="2" falsecount="0"/>
      <line num="32" count="60" type="stmt"/>
      <line num="33" count="60" type="stmt"/>
      <line num="34" count="571" type="cond" truecount="2" falsecount="0"/>
      <line num="35" count="72" type="stmt"/>
      <line num="39" count="24" type="stmt"/>
      <line num="46" count="3" type="stmt"/>
      <line num="49" count="1" type="stmt"/>
    </file>
    <file name="7-batsman-strike-rate-per-season.js" path="/Users/vishalz/Desktop/js-ipl-project/src/server/functions/7-batsman-strike-rate-per-season.js">
      <metrics statements="27" coveredstatements="27" conditionals="14" coveredconditionals="14" methods="3" coveredmethods="3"/>
      <line num="1" count="1" type="stmt"/>
      <line num="2" count="3" type="cond" truecount="4" falsecount="0"/>
      <line num="3" count="1" type="stmt"/>
      <line num="5" count="2" type="stmt"/>
      <line num="6" count="2" type="stmt"/>
      <line num="7" count="200461" type="stmt"/>
      <line num="8" count="200461" type="stmt"/>
      <line num="9" count="200461" type="stmt"/>
      <line num="10" count="200461" type="cond" truecount="2" falsecount="0"/>
      <line num="12" count="200461" type="cond" truecount="2" falsecount="0"/>
      <line num="13" count="904" type="stmt"/>
      <line num="15" count="200461" type="cond" truecount="2" falsecount="0"/>
      <line num="16" count="17970" type="stmt"/>
      <line num="21" count="200461" type="stmt"/>
      <line num="22" count="200461" type="cond" truecount="2" falsecount="0"/>
      <line num="27" count="2" type="stmt"/>
      <line num="28" count="2" type="stmt"/>
      <line num="29" count="904" type="stmt"/>
      <line num="31" count="904" type="stmt"/>
      <line num="32" count="17970" type="stmt"/>
      <line num="33" count="4497974" type="stmt"/>
      <line num="34" count="17970" type="cond" truecount="2" falsecount="0"/>
      <line num="35" count="12340" type="stmt"/>
      <line num="36" count="12340" type="stmt"/>
      <line num="37" count="12340" type="stmt"/>
      <line num="42" count="2" type="stmt"/>
      <line num="45" count="1" type="stmt"/>
    </file>
    <file name="8-most-dismissed-by-player.js" path="/Users/vishalz/Desktop/js-ipl-project/src/server/functions/8-most-dismissed-by-player.js">
      <metrics statements="25" coveredstatements="25" conditionals="12" coveredconditionals="12" methods="2" coveredmethods="2"/>
      <line num="1" count="1" type="stmt"/>
      <line num="2" count="3" type="cond" truecount="2" falsecount="0"/>
      <line num="3" count="1" type="stmt"/>
      <line num="6" count="2" type="stmt"/>
      <line num="7" count="2" type="stmt"/>
      <line num="8" count="200461" type="stmt"/>
      <line num="9" count="200461" type="stmt"/>
      <line num="10" count="200461" type="cond" truecount="2" falsecount="0"/>
      <line num="11" count="9961" type="cond" truecount="2" falsecount="0"/>
      <line num="12" count="588" type="stmt"/>
      <line num="14" count="9961" type="cond" truecount="2" falsecount="0"/>
      <line num="15" count="8402" type="stmt"/>
      <line num="17" count="1559" type="stmt"/>
      <line num="22" count="2" type="stmt"/>
      <line num="23" count="2" type="stmt"/>
      <line num="24" count="2" type="stmt"/>
      <line num="25" count="588" type="stmt"/>
      <line num="26" count="8402" type="stmt"/>
      <line num="27" count="8402" type="cond" truecount="2" falsecount="0"/>
      <line num="28" count="10" type="stmt"/>
      <line num="29" count="10" type="stmt"/>
      <line num="30" count="8392" type="cond" truecount="2" falsecount="0"/>
      <line num="31" count="71" type="stmt"/>
      <line num="35" count="2" type="stmt"/>
      <line num="38" count="1" type="stmt"/>
    </file>
    <file name="9-best-economy-super-overs.js" path="/Users/vishalz/Desktop/js-ipl-project/src/server/functions/9-best-economy-super-overs.js">
      <metrics statements="31" coveredstatements="31" conditionals="12" coveredconditionals="12" methods="4" coveredmethods="4"/>
      <line num="1" count="1" type="stmt"/>
      <line num="2" count="3" type="cond" truecount="2" falsecount="0"/>
      <line num="3" count="1" type="stmt"/>
      <line num="6" count="2" type="stmt"/>
      <line num="7" count="2" type="stmt"/>
      <line num="8" count="200461" type="stmt"/>
      <line num="9" count="200461" type="stmt"/>
      <line num="12" count="200461" type="stmt"/>
      <line num="13" count="200461" type="stmt"/>
      <line num="15" count="200461" type="cond" truecount="2" falsecount="0"/>
      <line num="16" count="110" type="cond" truecount="2" falsecount="0"/>
      <line num="17" count="25" type="stmt"/>
      <line num="19" count="85" type="stmt"/>
      <line num="20" count="85" type="stmt"/>
      <line num="22" count="110" type="cond" truecount="4" falsecount="0"/>
      <line num="23" count="9" type="stmt"/>
      <line num="28" count="2" type="stmt"/>
      <line num="29" count="25" type="stmt"/>
      <line num="30" count="25" type="stmt"/>
      <line num="31" count="25" type="stmt"/>
      <line num="34" count="2" type="stmt"/>
      <line num="35" count="25" type="stmt"/>
      <line num="40" count="64" type="stmt"/>
      <line num="41" count="2" type="stmt"/>
      <line num="42" count="2" type="stmt"/>
      <line num="44" count="2" type="stmt"/>
      <line num="45" count="4" type="cond" truecount="2" falsecount="0"/>
      <line num="46" count="2" type="stmt"/>
      <line num="52" count="2" type="stmt"/>
      <line num="56" count="2" type="stmt"/>
      <line num="59" count="1" type="stmt"/>
    </file>
  </project>
</coverage>
