{"/Users/vishalz/Desktop/js-ipl-project/src/server/functions/1-matches-per-year.js": {"path":"/Users/vishalz/Desktop/js-ipl-project/src/server/functions/1-matches-per-year.js","statementMap":{"0":{"start":{"line":1,"column":23},"end":{"line":14,"column":1}},"1":{"start":{"line":2,"column":2},"end":{"line":4,"column":3}},"2":{"start":{"line":3,"column":4},"end":{"line":3,"column":14}},"3":{"start":{"line":5,"column":31},"end":{"line":5,"column":33}},"4":{"start":{"line":6,"column":2},"end":{"line":12,"column":5}},"5":{"start":{"line":7,"column":4},"end":{"line":11,"column":5}},"6":{"start":{"line":8,"column":6},"end":{"line":8,"column":43}},"7":{"start":{"line":10,"column":6},"end":{"line":10,"column":41}},"8":{"start":{"line":13,"column":2},"end":{"line":13,"column":30}},"9":{"start":{"line":16,"column":0},"end":{"line":16,"column":32}}},"fnMap":{"0":{"name":"(anonymous_0)","decl":{"start":{"line":1,"column":23},"end":{"line":1,"column":24}},"loc":{"start":{"line":1,"column":40},"end":{"line":14,"column":1}},"line":1},"1":{"name":"(anonymous_1)","decl":{"start":{"line":6,"column":22},"end":{"line":6,"column":23}},"loc":{"start":{"line":6,"column":31},"end":{"line":12,"column":3}},"line":6}},"branchMap":{"0":{"loc":{"start":{"line":2,"column":2},"end":{"line":4,"column":3}},"type":"if","locations":[{"start":{"line":2,"column":2},"end":{"line":4,"column":3}},{"start":{},"end":{}}],"line":2},"1":{"loc":{"start":{"line":7,"column":4},"end":{"line":11,"column":5}},"type":"if","locations":[{"start":{"line":7,"column":4},"end":{"line":11,"column":5}},{"start":{"line":9,"column":11},"end":{"line":11,"column":5}}],"line":7}},"s":{"0":1,"1":4,"2":1,"3":3,"4":3,"5":857,"6":25,"7":832,"8":3,"9":1},"f":{"0":4,"1":857},"b":{"0":[1,3],"1":[25,832]},"_coverageSchema":"1a1c01bbd47fc00a2c39e90264f33305004495a9","hash":"70656bff8b31d0a69b9192a9014bb9c6295178ef"}
,"/Users/vishalz/Desktop/js-ipl-project/src/server/functions/2-matches-won-per-team-per-year.js": {"path":"/Users/vishalz/Desktop/js-ipl-project/src/server/functions/2-matches-won-per-team-per-year.js","statementMap":{"0":{"start":{"line":1,"column":33},"end":{"line":19,"column":1}},"1":{"start":{"line":2,"column":2},"end":{"line":4,"column":3}},"2":{"start":{"line":3,"column":4},"end":{"line":3,"column":14}},"3":{"start":{"line":5,"column":22},"end":{"line":5,"column":24}},"4":{"start":{"line":6,"column":2},"end":{"line":17,"column":3}},"5":{"start":{"line":7,"column":19},"end":{"line":7,"column":31}},"6":{"start":{"line":8,"column":4},"end":{"line":10,"column":5}},"7":{"start":{"line":9,"column":6},"end":{"line":9,"column":31}},"8":{"start":{"line":11,"column":19},"end":{"line":11,"column":67}},"9":{"start":{"line":12,"column":4},"end":{"line":16,"column":5}},"10":{"start":{"line":13,"column":6},"end":{"line":13,"column":38}},"11":{"start":{"line":15,"column":6},"end":{"line":15,"column":36}},"12":{"start":{"line":18,"column":2},"end":{"line":18,"column":21}},"13":{"start":{"line":20,"column":0},"end":{"line":20,"column":42}}},"fnMap":{"0":{"name":"(anonymous_0)","decl":{"start":{"line":1,"column":33},"end":{"line":1,"column":34}},"loc":{"start":{"line":1,"column":50},"end":{"line":19,"column":1}},"line":1}},"branchMap":{"0":{"loc":{"start":{"line":2,"column":2},"end":{"line":4,"column":3}},"type":"if","locations":[{"start":{"line":2,"column":2},"end":{"line":4,"column":3}},{"start":{},"end":{}}],"line":2},"1":{"loc":{"start":{"line":8,"column":4},"end":{"line":10,"column":5}},"type":"if","locations":[{"start":{"line":8,"column":4},"end":{"line":10,"column":5}},{"start":{},"end":{}}],"line":8},"2":{"loc":{"start":{"line":11,"column":19},"end":{"line":11,"column":67}},"type":"cond-expr","locations":[{"start":{"line":11,"column":41},"end":{"line":11,"column":52}},{"start":{"line":11,"column":55},"end":{"line":11,"column":67}}],"line":11},"3":{"loc":{"start":{"line":12,"column":4},"end":{"line":16,"column":5}},"type":"if","locations":[{"start":{"line":12,"column":4},"end":{"line":16,"column":5}},{"start":{"line":14,"column":11},"end":{"line":16,"column":5}}],"line":12}},"s":{"0":1,"1":2,"2":1,"3":1,"4":1,"5":10,"6":10,"7":5,"8":10,"9":10,"10":9,"11":1,"12":1,"13":1},"f":{"0":2},"b":{"0":[1,1],"1":[5,5],"2":[0,10],"3":[9,1]},"_coverageSchema":"1a1c01bbd47fc00a2c39e90264f33305004495a9","hash":"9fbf85ffd8f34fe5e29aa192c84b76957f77bd4c"}
,"/Users/vishalz/Desktop/js-ipl-project/src/server/functions/3-extra-runs-conceded-2016.js": {"path":"/Users/vishalz/Desktop/js-ipl-project/src/server/functions/3-extra-runs-conceded-2016.js","statementMap":{"0":{"start":{"line":1,"column":22},"end":{"line":25,"column":1}},"1":{"start":{"line":2,"column":2},"end":{"line":4,"column":3}},"2":{"start":{"line":3,"column":4},"end":{"line":3,"column":14}},"3":{"start":{"line":5,"column":26},"end":{"line":5,"column":35}},"4":{"start":{"line":6,"column":2},"end":{"line":10,"column":3}},"5":{"start":{"line":7,"column":4},"end":{"line":9,"column":5}},"6":{"start":{"line":8,"column":6},"end":{"line":8,"column":47}},"7":{"start":{"line":11,"column":27},"end":{"line":11,"column":29}},"8":{"start":{"line":12,"column":2},"end":{"line":23,"column":3}},"9":{"start":{"line":13,"column":4},"end":{"line":22,"column":5}},"10":{"start":{"line":14,"column":26},"end":{"line":14,"column":42}},"11":{"start":{"line":15,"column":24},"end":{"line":15,"column":46}},"12":{"start":{"line":17,"column":6},"end":{"line":21,"column":7}},"13":{"start":{"line":18,"column":8},"end":{"line":18,"column":50}},"14":{"start":{"line":20,"column":8},"end":{"line":20,"column":51}},"15":{"start":{"line":24,"column":2},"end":{"line":24,"column":26}},"16":{"start":{"line":27,"column":0},"end":{"line":27,"column":31}}},"fnMap":{"0":{"name":"(anonymous_0)","decl":{"start":{"line":1,"column":22},"end":{"line":1,"column":23}},"loc":{"start":{"line":1,"column":55},"end":{"line":25,"column":1}},"line":1}},"branchMap":{"0":{"loc":{"start":{"line":2,"column":2},"end":{"line":4,"column":3}},"type":"if","locations":[{"start":{"line":2,"column":2},"end":{"line":4,"column":3}},{"start":{},"end":{}}],"line":2},"1":{"loc":{"start":{"line":2,"column":6},"end":{"line":2,"column":67}},"type":"binary-expr","locations":[{"start":{"line":2,"column":6},"end":{"line":2,"column":33}},{"start":{"line":2,"column":37},"end":{"line":2,"column":67}}],"line":2},"2":{"loc":{"start":{"line":7,"column":4},"end":{"line":9,"column":5}},"type":"if","locations":[{"start":{"line":7,"column":4},"end":{"line":9,"column":5}},{"start":{},"end":{}}],"line":7},"3":{"loc":{"start":{"line":13,"column":4},"end":{"line":22,"column":5}},"type":"if","locations":[{"start":{"line":13,"column":4},"end":{"line":22,"column":5}},{"start":{},"end":{}}],"line":13},"4":{"loc":{"start":{"line":17,"column":6},"end":{"line":21,"column":7}},"type":"if","locations":[{"start":{"line":17,"column":6},"end":{"line":21,"column":7}},{"start":{"line":19,"column":13},"end":{"line":21,"column":7}}],"line":17}},"s":{"0":1,"1":4,"2":1,"3":3,"4":3,"5":855,"6":79,"7":3,"8":3,"9":200480,"10":15255,"11":15255,"12":15255,"13":19,"14":15236,"15":3,"16":1},"f":{"0":4},"b":{"0":[1,3],"1":[4,3],"2":[79,776],"3":[15255,185225],"4":[19,15236]},"_coverageSchema":"1a1c01bbd47fc00a2c39e90264f33305004495a9","hash":"c47da948da4b02fb1e5fd1c115dec659bd3ed4fd"}
,"/Users/vishalz/Desktop/js-ipl-project/src/server/functions/4-top-10-economical-bowlers-2015.js": {"path":"/Users/vishalz/Desktop/js-ipl-project/src/server/functions/4-top-10-economical-bowlers-2015.js","statementMap":{"0":{"start":{"line":1,"column":26},"end":{"line":59,"column":1}},"1":{"start":{"line":2,"column":2},"end":{"line":4,"column":3}},"2":{"start":{"line":3,"column":4},"end":{"line":3,"column":14}},"3":{"start":{"line":6,"column":26},"end":{"line":6,"column":28}},"4":{"start":{"line":7,"column":2},"end":{"line":11,"column":3}},"5":{"start":{"line":8,"column":4},"end":{"line":10,"column":5}},"6":{"start":{"line":9,"column":6},"end":{"line":9,"column":48}},"7":{"start":{"line":13,"column":24},"end":{"line":13,"column":26}},"8":{"start":{"line":14,"column":2},"end":{"line":39,"column":5}},"9":{"start":{"line":15,"column":4},"end":{"line":38,"column":5}},"10":{"start":{"line":16,"column":21},"end":{"line":16,"column":36}},"11":{"start":{"line":17,"column":24},"end":{"line":19,"column":7}},"12":{"start":{"line":20,"column":26},"end":{"line":20,"column":27}},"13":{"start":{"line":21,"column":23},"end":{"line":21,"column":55}},"14":{"start":{"line":23,"column":6},"end":{"line":37,"column":7}},"15":{"start":{"line":24,"column":8},"end":{"line":28,"column":10}},"16":{"start":{"line":29,"column":13},"end":{"line":37,"column":7}},"17":{"start":{"line":30,"column":8},"end":{"line":30,"column":48}},"18":{"start":{"line":32,"column":8},"end":{"line":32,"column":48}},"19":{"start":{"line":33,"column":8},"end":{"line":33,"column":51}},"20":{"start":{"line":34,"column":8},"end":{"line":36,"column":9}},"21":{"start":{"line":35,"column":10},"end":{"line":35,"column":45}},"22":{"start":{"line":41,"column":23},"end":{"line":45,"column":4}},"23":{"start":{"line":42,"column":4},"end":{"line":44,"column":6}},"24":{"start":{"line":47,"column":23},"end":{"line":51,"column":5}},"25":{"start":{"line":47,"column":53},"end":{"line":51,"column":3}},"26":{"start":{"line":53,"column":2},"end":{"line":53,"column":53}},"27":{"start":{"line":53,"column":30},"end":{"line":53,"column":51}},"28":{"start":{"line":54,"column":34},"end":{"line":56,"column":35}},"29":{"start":{"line":56,"column":21},"end":{"line":56,"column":34}},"30":{"start":{"line":58,"column":2},"end":{"line":58,"column":33}},"31":{"start":{"line":61,"column":0},"end":{"line":61,"column":35}}},"fnMap":{"0":{"name":"(anonymous_0)","decl":{"start":{"line":1,"column":26},"end":{"line":1,"column":27}},"loc":{"start":{"line":1,"column":59},"end":{"line":59,"column":1}},"line":1},"1":{"name":"(anonymous_1)","decl":{"start":{"line":14,"column":25},"end":{"line":14,"column":26}},"loc":{"start":{"line":14,"column":39},"end":{"line":39,"column":3}},"line":14},"2":{"name":"(anonymous_2)","decl":{"start":{"line":41,"column":57},"end":{"line":41,"column":58}},"loc":{"start":{"line":41,"column":69},"end":{"line":45,"column":3}},"line":41},"3":{"name":"(anonymous_3)","decl":{"start":{"line":47,"column":40},"end":{"line":47,"column":41}},"loc":{"start":{"line":47,"column":53},"end":{"line":51,"column":3}},"line":47},"4":{"name":"(anonymous_4)","decl":{"start":{"line":53,"column":20},"end":{"line":53,"column":21}},"loc":{"start":{"line":53,"column":30},"end":{"line":53,"column":51}},"line":53},"5":{"name":"(anonymous_5)","decl":{"start":{"line":56,"column":9},"end":{"line":56,"column":10}},"loc":{"start":{"line":56,"column":21},"end":{"line":56,"column":34}},"line":56}},"branchMap":{"0":{"loc":{"start":{"line":2,"column":2},"end":{"line":4,"column":3}},"type":"if","locations":[{"start":{"line":2,"column":2},"end":{"line":4,"column":3}},{"start":{},"end":{}}],"line":2},"1":{"loc":{"start":{"line":2,"column":6},"end":{"line":2,"column":67}},"type":"binary-expr","locations":[{"start":{"line":2,"column":6},"end":{"line":2,"column":33}},{"start":{"line":2,"column":37},"end":{"line":2,"column":67}}],"line":2},"2":{"loc":{"start":{"line":8,"column":4},"end":{"line":10,"column":5}},"type":"if","locations":[{"start":{"line":8,"column":4},"end":{"line":10,"column":5}},{"start":{},"end":{}}],"line":8},"3":{"loc":{"start":{"line":15,"column":4},"end":{"line":38,"column":5}},"type":"if","locations":[{"start":{"line":15,"column":4},"end":{"line":38,"column":5}},{"start":{},"end":{}}],"line":15},"4":{"loc":{"start":{"line":23,"column":6},"end":{"line":37,"column":7}},"type":"if","locations":[{"start":{"line":23,"column":6},"end":{"line":37,"column":7}},{"start":{"line":29,"column":13},"end":{"line":37,"column":7}}],"line":23},"5":{"loc":{"start":{"line":27,"column":19},"end":{"line":27,"column":35}},"type":"cond-expr","locations":[{"start":{"line":27,"column":30},"end":{"line":27,"column":31}},{"start":{"line":27,"column":34},"end":{"line":27,"column":35}}],"line":27},"6":{"loc":{"start":{"line":29,"column":13},"end":{"line":37,"column":7}},"type":"if","locations":[{"start":{"line":29,"column":13},"end":{"line":37,"column":7}},{"start":{"line":31,"column":13},"end":{"line":37,"column":7}}],"line":29},"7":{"loc":{"start":{"line":29,"column":17},"end":{"line":29,"column":67}},"type":"binary-expr","locations":[{"start":{"line":29,"column":17},"end":{"line":29,"column":39}},{"start":{"line":29,"column":43},"end":{"line":29,"column":67}}],"line":29},"8":{"loc":{"start":{"line":34,"column":8},"end":{"line":36,"column":9}},"type":"if","locations":[{"start":{"line":34,"column":8},"end":{"line":36,"column":9}},{"start":{},"end":{}}],"line":34},"9":{"loc":{"start":{"line":43,"column":6},"end":{"line":43,"column":77}},"type":"binary-expr","locations":[{"start":{"line":43,"column":6},"end":{"line":43,"column":40}},{"start":{"line":43,"column":44},"end":{"line":43,"column":77}}],"line":43}},"s":{"0":1,"1":3,"2":1,"3":2,"4":2,"5":847,"6":79,"7":2,"8":2,"9":200461,"10":15243,"11":15243,"12":15243,"13":15243,"14":15243,"15":178,"16":15065,"17":545,"18":14520,"19":14520,"20":14520,"21":752,"22":2,"23":178,"24":2,"25":119,"26":2,"27":572,"28":2,"29":20,"30":2,"31":1},"f":{"0":3,"1":200461,"2":178,"3":119,"4":572,"5":20},"b":{"0":[1,2],"1":[3,2],"2":[79,768],"3":[15243,185218],"4":[178,15065],"5":[8,170],"6":[545,14520],"7":[15065,14580],"8":[752,13768],"9":[178,128]},"_coverageSchema":"1a1c01bbd47fc00a2c39e90264f33305004495a9","hash":"52a4da2c50b46497ce8fd6f01c8b93be49167e97"}
,"/Users/vishalz/Desktop/js-ipl-project/src/server/functions/5-toss-and-match-wins.js": {"path":"/Users/vishalz/Desktop/js-ipl-project/src/server/functions/5-toss-and-match-wins.js","statementMap":{"0":{"start":{"line":1,"column":25},"end":{"line":16,"column":1}},"1":{"start":{"line":2,"column":2},"end":{"line":4,"column":3}},"2":{"start":{"line":3,"column":4},"end":{"line":3,"column":14}},"3":{"start":{"line":5,"column":33},"end":{"line":5,"column":35}},"4":{"start":{"line":6,"column":2},"end":{"line":14,"column":5}},"5":{"start":{"line":7,"column":4},"end":{"line":13,"column":5}},"6":{"start":{"line":8,"column":6},"end":{"line":12,"column":7}},"7":{"start":{"line":9,"column":8},"end":{"line":9,"column":47}},"8":{"start":{"line":11,"column":8},"end":{"line":11,"column":45}},"9":{"start":{"line":15,"column":2},"end":{"line":15,"column":32}},"10":{"start":{"line":18,"column":0},"end":{"line":18,"column":34}}},"fnMap":{"0":{"name":"(anonymous_0)","decl":{"start":{"line":1,"column":25},"end":{"line":1,"column":26}},"loc":{"start":{"line":1,"column":42},"end":{"line":16,"column":1}},"line":1},"1":{"name":"(anonymous_1)","decl":{"start":{"line":6,"column":22},"end":{"line":6,"column":23}},"loc":{"start":{"line":6,"column":31},"end":{"line":14,"column":3}},"line":6}},"branchMap":{"0":{"loc":{"start":{"line":2,"column":2},"end":{"line":4,"column":3}},"type":"if","locations":[{"start":{"line":2,"column":2},"end":{"line":4,"column":3}},{"start":{},"end":{}}],"line":2},"1":{"loc":{"start":{"line":7,"column":4},"end":{"line":13,"column":5}},"type":"if","locations":[{"start":{"line":7,"column":4},"end":{"line":13,"column":5}},{"start":{},"end":{}}],"line":7},"2":{"loc":{"start":{"line":8,"column":6},"end":{"line":12,"column":7}},"type":"if","locations":[{"start":{"line":8,"column":6},"end":{"line":12,"column":7}},{"start":{"line":10,"column":13},"end":{"line":12,"column":7}}],"line":8}},"s":{"0":1,"1":4,"2":1,"3":3,"4":3,"5":856,"6":434,"7":31,"8":403,"9":3,"10":1},"f":{"0":4,"1":856},"b":{"0":[1,3],"1":[434,422],"2":[31,403]},"_coverageSchema":"1a1c01bbd47fc00a2c39e90264f33305004495a9","hash":"90ffafb628231396d2fff305082e1750b05126c7"}
,"/Users/vishalz/Desktop/js-ipl-project/src/server/functions/6-player-of-the-match-awards.js": {"path":"/Users/vishalz/Desktop/js-ipl-project/src/server/functions/6-player-of-the-match-awards.js","statementMap":{"0":{"start":{"line":1,"column":13},"end":{"line":47,"column":1}},"1":{"start":{"line":2,"column":2},"end":{"line":4,"column":3}},"2":{"start":{"line":3,"column":4},"end":{"line":3,"column":14}},"3":{"start":{"line":6,"column":23},"end":{"line":6,"column":25}},"4":{"start":{"line":7,"column":2},"end":{"line":22,"column":5}},"5":{"start":{"line":8,"column":19},"end":{"line":8,"column":31}},"6":{"start":{"line":9,"column":23},"end":{"line":9,"column":44}},"7":{"start":{"line":11,"column":4},"end":{"line":13,"column":5}},"8":{"start":{"line":12,"column":6},"end":{"line":12,"column":32}},"9":{"start":{"line":15,"column":4},"end":{"line":21,"column":5}},"10":{"start":{"line":16,"column":6},"end":{"line":20,"column":7}},"11":{"start":{"line":17,"column":8},"end":{"line":17,"column":45}},"12":{"start":{"line":19,"column":8},"end":{"line":19,"column":43}},"13":{"start":{"line":24,"column":37},"end":{"line":24,"column":39}},"14":{"start":{"line":25,"column":2},"end":{"line":44,"column":3}},"15":{"start":{"line":26,"column":23},"end":{"line":26,"column":43}},"16":{"start":{"line":27,"column":24},"end":{"line":27,"column":25}},"17":{"start":{"line":28,"column":25},"end":{"line":28,"column":27}},"18":{"start":{"line":30,"column":4},"end":{"line":37,"column":5}},"19":{"start":{"line":31,"column":6},"end":{"line":36,"column":7}},"20":{"start":{"line":32,"column":8},"end":{"line":32,"column":43}},"21":{"start":{"line":33,"column":8},"end":{"line":33,"column":34}},"22":{"start":{"line":34,"column":13},"end":{"line":36,"column":7}},"23":{"start":{"line":35,"column":8},"end":{"line":35,"column":36}},"24":{"start":{"line":39,"column":4},"end":{"line":43,"column":7}},"25":{"start":{"line":46,"column":2},"end":{"line":46,"column":36}},"26":{"start":{"line":49,"column":0},"end":{"line":49,"column":22}}},"fnMap":{"0":{"name":"(anonymous_0)","decl":{"start":{"line":1,"column":13},"end":{"line":1,"column":14}},"loc":{"start":{"line":1,"column":30},"end":{"line":47,"column":1}},"line":1},"1":{"name":"(anonymous_1)","decl":{"start":{"line":7,"column":22},"end":{"line":7,"column":23}},"loc":{"start":{"line":7,"column":33},"end":{"line":22,"column":3}},"line":7}},"branchMap":{"0":{"loc":{"start":{"line":2,"column":2},"end":{"line":4,"column":3}},"type":"if","locations":[{"start":{"line":2,"column":2},"end":{"line":4,"column":3}},{"start":{},"end":{}}],"line":2},"1":{"loc":{"start":{"line":11,"column":4},"end":{"line":13,"column":5}},"type":"if","locations":[{"start":{"line":11,"column":4},"end":{"line":13,"column":5}},{"start":{},"end":{}}],"line":11},"2":{"loc":{"start":{"line":15,"column":4},"end":{"line":21,"column":5}},"type":"if","locations":[{"start":{"line":15,"column":4},"end":{"line":21,"column":5}},{"start":{},"end":{}}],"line":15},"3":{"loc":{"start":{"line":16,"column":6},"end":{"line":20,"column":7}},"type":"if","locations":[{"start":{"line":16,"column":6},"end":{"line":20,"column":7}},{"start":{"line":18,"column":13},"end":{"line":20,"column":7}}],"line":16},"4":{"loc":{"start":{"line":31,"column":6},"end":{"line":36,"column":7}},"type":"if","locations":[{"start":{"line":31,"column":6},"end":{"line":36,"column":7}},{"start":{"line":34,"column":13},"end":{"line":36,"column":7}}],"line":31},"5":{"loc":{"start":{"line":34,"column":13},"end":{"line":36,"column":7}},"type":"if","locations":[{"start":{"line":34,"column":13},"end":{"line":36,"column":7}},{"start":{},"end":{}}],"line":34}},"s":{"0":1,"1":4,"2":1,"3":3,"4":3,"5":866,"6":866,"7":866,"8":24,"9":866,"10":863,"11":631,"12":232,"13":3,"14":3,"15":24,"16":24,"17":24,"18":24,"19":631,"20":60,"21":60,"22":571,"23":72,"24":24,"25":3,"26":1},"f":{"0":4,"1":866},"b":{"0":[1,3],"1":[24,842],"2":[863,3],"3":[631,232],"4":[60,571],"5":[72,499]},"_coverageSchema":"1a1c01bbd47fc00a2c39e90264f33305004495a9","hash":"fc8b3240b993c1e9d173d23ea9a6dd5da96b2f99"}
,"/Users/vishalz/Desktop/js-ipl-project/src/server/functions/7-batsman-strike-rate-per-season.js": {"path":"/Users/vishalz/Desktop/js-ipl-project/src/server/functions/7-batsman-strike-rate-per-season.js","statementMap":{"0":{"start":{"line":1,"column":38},"end":{"line":43,"column":1}},"1":{"start":{"line":2,"column":2},"end":{"line":4,"column":3}},"2":{"start":{"line":3,"column":4},"end":{"line":3,"column":14}},"3":{"start":{"line":5,"column":22},"end":{"line":5,"column":24}},"4":{"start":{"line":6,"column":2},"end":{"line":23,"column":5}},"5":{"start":{"line":7,"column":20},"end":{"line":7,"column":37}},"6":{"start":{"line":8,"column":20},"end":{"line":8,"column":36}},"7":{"start":{"line":9,"column":17},"end":{"line":9,"column":48}},"8":{"start":{"line":10,"column":27},"end":{"line":10,"column":77}},"9":{"start":{"line":12,"column":4},"end":{"line":14,"column":5}},"10":{"start":{"line":13,"column":6},"end":{"line":13,"column":32}},"11":{"start":{"line":15,"column":4},"end":{"line":20,"column":5}},"12":{"start":{"line":16,"column":6},"end":{"line":19,"column":8}},"13":{"start":{"line":21,"column":4},"end":{"line":21,"column":47}},"14":{"start":{"line":22,"column":4},"end":{"line":22,"column":66}},"15":{"start":{"line":27,"column":37},"end":{"line":27,"column":39}},"16":{"start":{"line":28,"column":2},"end":{"line":40,"column":3}},"17":{"start":{"line":29,"column":4},"end":{"line":29,"column":45}},"18":{"start":{"line":31,"column":4},"end":{"line":39,"column":5}},"19":{"start":{"line":32,"column":30},"end":{"line":32,"column":59}},"20":{"start":{"line":33,"column":20},"end":{"line":33,"column":69}},"21":{"start":{"line":33,"column":48},"end":{"line":33,"column":68}},"22":{"start":{"line":34,"column":6},"end":{"line":38,"column":7}},"23":{"start":{"line":35,"column":23},"end":{"line":35,"column":35}},"24":{"start":{"line":36,"column":27},"end":{"line":36,"column":72}},"25":{"start":{"line":37,"column":8},"end":{"line":37,"column":65}},"26":{"start":{"line":42,"column":2},"end":{"line":42,"column":36}},"27":{"start":{"line":45,"column":0},"end":{"line":45,"column":47}}},"fnMap":{"0":{"name":"(anonymous_0)","decl":{"start":{"line":1,"column":38},"end":{"line":1,"column":39}},"loc":{"start":{"line":1,"column":71},"end":{"line":43,"column":1}},"line":1},"1":{"name":"(anonymous_1)","decl":{"start":{"line":6,"column":25},"end":{"line":6,"column":26}},"loc":{"start":{"line":6,"column":39},"end":{"line":23,"column":3}},"line":6},"2":{"name":"(anonymous_2)","decl":{"start":{"line":33,"column":37},"end":{"line":33,"column":38}},"loc":{"start":{"line":33,"column":48},"end":{"line":33,"column":68}},"line":33}},"branchMap":{"0":{"loc":{"start":{"line":2,"column":2},"end":{"line":4,"column":3}},"type":"if","locations":[{"start":{"line":2,"column":2},"end":{"line":4,"column":3}},{"start":{},"end":{}}],"line":2},"1":{"loc":{"start":{"line":2,"column":6},"end":{"line":2,"column":67}},"type":"binary-expr","locations":[{"start":{"line":2,"column":6},"end":{"line":2,"column":33}},{"start":{"line":2,"column":37},"end":{"line":2,"column":67}}],"line":2},"2":{"loc":{"start":{"line":10,"column":27},"end":{"line":10,"column":77}},"type":"binary-expr","locations":[{"start":{"line":10,"column":27},"end":{"line":10,"column":49}},{"start":{"line":10,"column":53},"end":{"line":10,"column":77}}],"line":10},"3":{"loc":{"start":{"line":12,"column":4},"end":{"line":14,"column":5}},"type":"if","locations":[{"start":{"line":12,"column":4},"end":{"line":14,"column":5}},{"start":{},"end":{}}],"line":12},"4":{"loc":{"start":{"line":15,"column":4},"end":{"line":20,"column":5}},"type":"if","locations":[{"start":{"line":15,"column":4},"end":{"line":20,"column":5}},{"start":{},"end":{}}],"line":15},"5":{"loc":{"start":{"line":22,"column":43},"end":{"line":22,"column":65}},"type":"cond-expr","locations":[{"start":{"line":22,"column":60},"end":{"line":22,"column":61}},{"start":{"line":22,"column":64},"end":{"line":22,"column":65}}],"line":22},"6":{"loc":{"start":{"line":34,"column":6},"end":{"line":38,"column":7}},"type":"if","locations":[{"start":{"line":34,"column":6},"end":{"line":38,"column":7}},{"start":{},"end":{}}],"line":34}},"s":{"0":1,"1":3,"2":1,"3":2,"4":2,"5":200461,"6":200461,"7":200461,"8":200461,"9":200461,"10":904,"11":200461,"12":17970,"13":200461,"14":200461,"15":2,"16":2,"17":904,"18":904,"19":17970,"20":17970,"21":4497974,"22":17970,"23":12340,"24":12340,"25":12340,"26":2,"27":1},"f":{"0":3,"1":200461,"2":4497974},"b":{"0":[1,2],"1":[3,3],"2":[200461,194409],"3":[904,199557],"4":[17970,182491],"5":[6872,193589],"6":[12340,5630]},"_coverageSchema":"1a1c01bbd47fc00a2c39e90264f33305004495a9","hash":"acbafe4fcb02ab85e5d78a39444a7dcb1ac8ae12"}
,"/Users/vishalz/Desktop/js-ipl-project/src/server/functions/8-most-dismissed-by-player.js": {"path":"/Users/vishalz/Desktop/js-ipl-project/src/server/functions/8-most-dismissed-by-player.js","statementMap":{"0":{"start":{"line":1,"column":27},"end":{"line":36,"column":1}},"1":{"start":{"line":2,"column":2},"end":{"line":4,"column":3}},"2":{"start":{"line":3,"column":4},"end":{"line":3,"column":14}},"3":{"start":{"line":6,"column":29},"end":{"line":6,"column":31}},"4":{"start":{"line":7,"column":2},"end":{"line":20,"column":5}},"5":{"start":{"line":8,"column":19},"end":{"line":8,"column":34}},"6":{"start":{"line":9,"column":29},"end":{"line":9,"column":54}},"7":{"start":{"line":10,"column":4},"end":{"line":19,"column":5}},"8":{"start":{"line":11,"column":6},"end":{"line":13,"column":7}},"9":{"start":{"line":12,"column":8},"end":{"line":12,"column":40}},"10":{"start":{"line":14,"column":6},"end":{"line":18,"column":7}},"11":{"start":{"line":15,"column":8},"end":{"line":15,"column":57}},"12":{"start":{"line":17,"column":8},"end":{"line":17,"column":55}},"13":{"start":{"line":22,"column":22},"end":{"line":22,"column":23}},"14":{"start":{"line":23,"column":33},"end":{"line":23,"column":35}},"15":{"start":{"line":24,"column":2},"end":{"line":34,"column":3}},"16":{"start":{"line":25,"column":4},"end":{"line":33,"column":5}},"17":{"start":{"line":26,"column":25},"end":{"line":26,"column":69}},"18":{"start":{"line":27,"column":6},"end":{"line":32,"column":7}},"19":{"start":{"line":28,"column":8},"end":{"line":28,"column":35}},"20":{"start":{"line":29,"column":8},"end":{"line":29,"column":78}},"21":{"start":{"line":30,"column":13},"end":{"line":32,"column":7}},"22":{"start":{"line":31,"column":8},"end":{"line":31,"column":80}},"23":{"start":{"line":35,"column":2},"end":{"line":35,"column":34}},"24":{"start":{"line":38,"column":0},"end":{"line":38,"column":36}}},"fnMap":{"0":{"name":"(anonymous_0)","decl":{"start":{"line":1,"column":27},"end":{"line":1,"column":28}},"loc":{"start":{"line":1,"column":47},"end":{"line":36,"column":1}},"line":1},"1":{"name":"(anonymous_1)","decl":{"start":{"line":7,"column":25},"end":{"line":7,"column":26}},"loc":{"start":{"line":7,"column":39},"end":{"line":20,"column":3}},"line":7}},"branchMap":{"0":{"loc":{"start":{"line":2,"column":2},"end":{"line":4,"column":3}},"type":"if","locations":[{"start":{"line":2,"column":2},"end":{"line":4,"column":3}},{"start":{},"end":{}}],"line":2},"1":{"loc":{"start":{"line":10,"column":4},"end":{"line":19,"column":5}},"type":"if","locations":[{"start":{"line":10,"column":4},"end":{"line":19,"column":5}},{"start":{},"end":{}}],"line":10},"2":{"loc":{"start":{"line":11,"column":6},"end":{"line":13,"column":7}},"type":"if","locations":[{"start":{"line":11,"column":6},"end":{"line":13,"column":7}},{"start":{},"end":{}}],"line":11},"3":{"loc":{"start":{"line":14,"column":6},"end":{"line":18,"column":7}},"type":"if","locations":[{"start":{"line":14,"column":6},"end":{"line":18,"column":7}},{"start":{"line":16,"column":13},"end":{"line":18,"column":7}}],"line":14},"4":{"loc":{"start":{"line":27,"column":6},"end":{"line":32,"column":7}},"type":"if","locations":[{"start":{"line":27,"column":6},"end":{"line":32,"column":7}},{"start":{"line":30,"column":13},"end":{"line":32,"column":7}}],"line":27},"5":{"loc":{"start":{"line":30,"column":13},"end":{"line":32,"column":7}},"type":"if","locations":[{"start":{"line":30,"column":13},"end":{"line":32,"column":7}},{"start":{},"end":{}}],"line":30}},"s":{"0":1,"1":3,"2":1,"3":2,"4":2,"5":200461,"6":200461,"7":200461,"8":9961,"9":588,"10":9961,"11":8402,"12":1559,"13":2,"14":2,"15":2,"16":588,"17":8402,"18":8402,"19":10,"20":10,"21":8392,"22":71,"23":2,"24":1},"f":{"0":3,"1":200461},"b":{"0":[1,2],"1":[9961,190500],"2":[588,9373],"3":[8402,1559],"4":[10,8392],"5":[71,8321]},"_coverageSchema":"1a1c01bbd47fc00a2c39e90264f33305004495a9","hash":"2d331f69684859872a77f64f19085e6cfd722165"}
,"/Users/vishalz/Desktop/js-ipl-project/src/server/functions/9-best-economy-super-overs.js": {"path":"/Users/vishalz/Desktop/js-ipl-project/src/server/functions/9-best-economy-super-overs.js","statementMap":{"0":{"start":{"line":1,"column":25},"end":{"line":57,"column":1}},"1":{"start":{"line":2,"column":2},"end":{"line":4,"column":3}},"2":{"start":{"line":3,"column":4},"end":{"line":3,"column":14}},"3":{"start":{"line":6,"column":22},"end":{"line":6,"column":24}},"4":{"start":{"line":7,"column":2},"end":{"line":26,"column":5}},"5":{"start":{"line":8,"column":19},"end":{"line":8,"column":34}},"6":{"start":{"line":9,"column":22},"end":{"line":11,"column":5}},"7":{"start":{"line":12,"column":24},"end":{"line":12,"column":25}},"8":{"start":{"line":13,"column":24},"end":{"line":13,"column":54}},"9":{"start":{"line":15,"column":4},"end":{"line":25,"column":5}},"10":{"start":{"line":16,"column":6},"end":{"line":21,"column":7}},"11":{"start":{"line":17,"column":8},"end":{"line":17,"column":72}},"12":{"start":{"line":19,"column":8},"end":{"line":19,"column":48}},"13":{"start":{"line":20,"column":8},"end":{"line":20,"column":51}},"14":{"start":{"line":22,"column":6},"end":{"line":24,"column":7}},"15":{"start":{"line":23,"column":8},"end":{"line":23,"column":38}},"16":{"start":{"line":28,"column":2},"end":{"line":32,"column":3}},"17":{"start":{"line":29,"column":28},"end":{"line":29,"column":49}},"18":{"start":{"line":30,"column":20},"end":{"line":30,"column":51}},"19":{"start":{"line":31,"column":4},"end":{"line":31,"column":56}},"20":{"start":{"line":34,"column":22},"end":{"line":39,"column":4}},"21":{"start":{"line":35,"column":4},"end":{"line":38,"column":6}},"22":{"start":{"line":40,"column":2},"end":{"line":40,"column":52}},"23":{"start":{"line":40,"column":29},"end":{"line":40,"column":50}},"24":{"start":{"line":41,"column":24},"end":{"line":41,"column":46}},"25":{"start":{"line":42,"column":43},"end":{"line":42,"column":45}},"26":{"start":{"line":44,"column":2},"end":{"line":54,"column":3}},"27":{"start":{"line":45,"column":4},"end":{"line":53,"column":5}},"28":{"start":{"line":46,"column":6},"end":{"line":49,"column":9}},"29":{"start":{"line":52,"column":6},"end":{"line":52,"column":12}},"30":{"start":{"line":56,"column":2},"end":{"line":56,"column":42}},"31":{"start":{"line":59,"column":0},"end":{"line":59,"column":34}}},"fnMap":{"0":{"name":"(anonymous_0)","decl":{"start":{"line":1,"column":25},"end":{"line":1,"column":26}},"loc":{"start":{"line":1,"column":45},"end":{"line":57,"column":1}},"line":1},"1":{"name":"(anonymous_1)","decl":{"start":{"line":7,"column":25},"end":{"line":7,"column":26}},"loc":{"start":{"line":7,"column":39},"end":{"line":26,"column":3}},"line":7},"2":{"name":"(anonymous_2)","decl":{"start":{"line":34,"column":56},"end":{"line":34,"column":57}},"loc":{"start":{"line":34,"column":77},"end":{"line":39,"column":3}},"line":34},"3":{"name":"(anonymous_3)","decl":{"start":{"line":40,"column":19},"end":{"line":40,"column":20}},"loc":{"start":{"line":40,"column":29},"end":{"line":40,"column":50}},"line":40}},"branchMap":{"0":{"loc":{"start":{"line":2,"column":2},"end":{"line":4,"column":3}},"type":"if","locations":[{"start":{"line":2,"column":2},"end":{"line":4,"column":3}},{"start":{},"end":{}}],"line":2},"1":{"loc":{"start":{"line":15,"column":4},"end":{"line":25,"column":5}},"type":"if","locations":[{"start":{"line":15,"column":4},"end":{"line":25,"column":5}},{"start":{},"end":{}}],"line":15},"2":{"loc":{"start":{"line":16,"column":6},"end":{"line":21,"column":7}},"type":"if","locations":[{"start":{"line":16,"column":6},"end":{"line":21,"column":7}},{"start":{"line":18,"column":13},"end":{"line":21,"column":7}}],"line":16},"3":{"loc":{"start":{"line":22,"column":6},"end":{"line":24,"column":7}},"type":"if","locations":[{"start":{"line":22,"column":6},"end":{"line":24,"column":7}},{"start":{},"end":{}}],"line":22},"4":{"loc":{"start":{"line":22,"column":10},"end":{"line":22,"column":60}},"type":"binary-expr","locations":[{"start":{"line":22,"column":10},"end":{"line":22,"column":32}},{"start":{"line":22,"column":36},"end":{"line":22,"column":60}}],"line":22},"5":{"loc":{"start":{"line":45,"column":4},"end":{"line":53,"column":5}},"type":"if","locations":[{"start":{"line":45,"column":4},"end":{"line":53,"column":5}},{"start":{"line":50,"column":11},"end":{"line":53,"column":5}}],"line":45}},"s":{"0":1,"1":3,"2":1,"3":2,"4":2,"5":200461,"6":200461,"7":200461,"8":200461,"9":200461,"10":110,"11":25,"12":85,"13":85,"14":110,"15":9,"16":2,"17":25,"18":25,"19":25,"20":2,"21":25,"22":2,"23":64,"24":2,"25":2,"26":2,"27":4,"28":2,"29":2,"30":2,"31":1},"f":{"0":3,"1":200461,"2":25,"3":64},"b":{"0":[1,2],"1":[110,200351],"2":[25,85],"3":[9,101],"4":[110,106],"5":[2,2]},"_coverageSchema":"1a1c01bbd47fc00a2c39e90264f33305004495a9","hash":"fa759097d38bae4e2b48c53d120605cc6b4cba33"}
}
