TN:
SF:src/server/functions/1-matches-per-year.js
FN:1,(anonymous_0)
FN:6,(anonymous_1)
FNF:2
FNH:2
FNDA:4,(anonymous_0)
FNDA:857,(anonymous_1)
DA:1,1
DA:2,4
DA:3,1
DA:5,3
DA:6,3
DA:7,857
DA:8,25
DA:10,832
DA:13,3
DA:16,1
LF:10
LH:10
BRDA:2,0,0,1
BRDA:2,0,1,3
BRDA:7,1,0,25
BRDA:7,1,1,832
BRF:4
BRH:4
end_of_record
TN:
SF:src/server/functions/2-matches-won-per-team-per-year.js
FN:1,(anonymous_0)
FNF:1
FNH:1
FNDA:2,(anonymous_0)
DA:1,1
DA:2,2
DA:3,1
DA:5,1
DA:6,1
DA:7,10
DA:8,10
DA:9,5
DA:11,10
DA:12,10
DA:13,9
DA:15,1
DA:18,1
DA:20,1
LF:14
LH:14
BRDA:2,0,0,1
BRDA:2,0,1,1
BRDA:8,1,0,5
BRDA:8,1,1,5
BRDA:11,2,0,0
BRDA:11,2,1,10
BRDA:12,3,0,9
BRDA:12,3,1,1
BRF:8
BRH:7
end_of_record
TN:
SF:src/server/functions/3-extra-runs-conceded-2016.js
FN:1,(anonymous_0)
FNF:1
FNH:1
FNDA:4,(anonymous_0)
DA:1,1
DA:2,4
DA:3,1
DA:5,3
DA:6,3
DA:7,855
DA:8,79
DA:11,3
DA:12,3
DA:13,200480
DA:14,15255
DA:15,15255
DA:17,15255
DA:18,19
DA:20,15236
DA:24,3
DA:27,1
LF:17
LH:17
BRDA:2,0,0,1
BRDA:2,0,1,3
BRDA:2,1,0,4
BRDA:2,1,1,3
BRDA:7,2,0,79
BRDA:7,2,1,776
BRDA:13,3,0,15255
BRDA:13,3,1,185225
BRDA:17,4,0,19
BRDA:17,4,1,15236
BRF:10
BRH:10
end_of_record
TN:
SF:src/server/functions/4-top-10-economical-bowlers-2015.js
FN:1,(anonymous_0)
FN:14,(anonymous_1)
FN:41,(anonymous_2)
FN:47,(anonymous_3)
FN:53,(anonymous_4)
FN:56,(anonymous_5)
FNF:6
FNH:6
FNDA:3,(anonymous_0)
FNDA:200461,(anonymous_1)
FNDA:178,(anonymous_2)
FNDA:119,(anonymous_3)
FNDA:572,(anonymous_4)
FNDA:20,(anonymous_5)
DA:1,1
DA:2,3
DA:3,1
DA:6,2
DA:7,2
DA:8,847
DA:9,79
DA:13,2
DA:14,2
DA:15,200461
DA:16,15243
DA:17,15243
DA:20,15243
DA:21,15243
DA:23,15243
DA:24,178
DA:29,15065
DA:30,545
DA:32,14520
DA:33,14520
DA:34,14520
DA:35,752
DA:41,2
DA:42,178
DA:47,119
DA:53,572
DA:54,2
DA:56,20
DA:58,2
DA:61,1
LF:30
LH:30
BRDA:2,0,0,1
BRDA:2,0,1,2
BRDA:2,1,0,3
BRDA:2,1,1,2
BRDA:8,2,0,79
BRDA:8,2,1,768
BRDA:15,3,0,15243
BRDA:15,3,1,185218
BRDA:23,4,0,178
BRDA:23,4,1,15065
BRDA:27,5,0,8
BRDA:27,5,1,170
BRDA:29,6,0,545
BRDA:29,6,1,14520
BRDA:29,7,0,15065
BRDA:29,7,1,14580
BRDA:34,8,0,752
BRDA:34,8,1,13768
BRDA:43,9,0,178
BRDA:43,9,1,128
BRF:20
BRH:20
end_of_record
TN:
SF:src/server/functions/5-toss-and-match-wins.js
FN:1,(anonymous_0)
FN:6,(anonymous_1)
FNF:2
FNH:2
FNDA:4,(anonymous_0)
FNDA:856,(anonymous_1)
DA:1,1
DA:2,4
DA:3,1
DA:5,3
DA:6,3
DA:7,856
DA:8,434
DA:9,31
DA:11,403
DA:15,3
DA:18,1
LF:11
LH:11
BRDA:2,0,0,1
BRDA:2,0,1,3
BRDA:7,1,0,434
BRDA:7,1,1,422
BRDA:8,2,0,31
BRDA:8,2,1,403
BRF:6
BRH:6
end_of_record
TN:
SF:src/server/functions/6-player-of-the-match-awards.js
FN:1,(anonymous_0)
FN:7,(anonymous_1)
FNF:2
FNH:2
FNDA:4,(anonymous_0)
FNDA:866,(anonymous_1)
DA:1,1
DA:2,4
DA:3,1
DA:6,3
DA:7,3
DA:8,866
DA:9,866
DA:11,866
DA:12,24
DA:15,866
DA:16,863
DA:17,631
DA:19,232
DA:24,3
DA:25,3
DA:26,24
DA:27,24
DA:28,24
DA:30,24
DA:31,631
DA:32,60
DA:33,60
DA:34,571
DA:35,72
DA:39,24
DA:46,3
DA:49,1
LF:27
LH:27
BRDA:2,0,0,1
BRDA:2,0,1,3
BRDA:11,1,0,24
BRDA:11,1,1,842
BRDA:15,2,0,863
BRDA:15,2,1,3
BRDA:16,3,0,631
BRDA:16,3,1,232
BRDA:31,4,0,60
BRDA:31,4,1,571
BRDA:34,5,0,72
BRDA:34,5,1,499
BRF:12
BRH:12
end_of_record
TN:
SF:src/server/functions/7-batsman-strike-rate-per-season.js
FN:1,(anonymous_0)
FN:6,(anonymous_1)
FN:33,(anonymous_2)
FNF:3
FNH:3
FNDA:3,(anonymous_0)
FNDA:200461,(anonymous_1)
FNDA:4497974,(anonymous_2)
DA:1,1
DA:2,3
DA:3,1
DA:5,2
DA:6,2
DA:7,200461
DA:8,200461
DA:9,200461
DA:10,200461
DA:12,200461
DA:13,904
DA:15,200461
DA:16,17970
DA:21,200461
DA:22,200461
DA:27,2
DA:28,2
DA:29,904
DA:31,904
DA:32,17970
DA:33,4497974
DA:34,17970
DA:35,12340
DA:36,12340
DA:37,12340
DA:42,2
DA:45,1
LF:27
LH:27
BRDA:2,0,0,1
BRDA:2,0,1,2
BRDA:2,1,0,3
BRDA:2,1,1,3
BRDA:10,2,0,200461
BRDA:10,2,1,194409
BRDA:12,3,0,904
BRDA:12,3,1,199557
BRDA:15,4,0,17970
BRDA:15,4,1,182491
BRDA:22,5,0,6872
BRDA:22,5,1,193589
BRDA:34,6,0,12340
BRDA:34,6,1,5630
BRF:14
BRH:14
end_of_record
TN:
SF:src/server/functions/8-most-dismissed-by-player.js
FN:1,(anonymous_0)
FN:7,(anonymous_1)
FNF:2
FNH:2
FNDA:3,(anonymous_0)
FNDA:200461,(anonymous_1)
DA:1,1
DA:2,3
DA:3,1
DA:6,2
DA:7,2
DA:8,200461
DA:9,200461
DA:10,200461
DA:11,9961
DA:12,588
DA:14,9961
DA:15,8402
DA:17,1559
DA:22,2
DA:23,2
DA:24,2
DA:25,588
DA:26,8402
DA:27,8402
DA:28,10
DA:29,10
DA:30,8392
DA:31,71
DA:35,2
DA:38,1
LF:25
LH:25
BRDA:2,0,0,1
BRDA:2,0,1,2
BRDA:10,1,0,9961
BRDA:10,1,1,190500
BRDA:11,2,0,588
BRDA:11,2,1,9373
BRDA:14,3,0,8402
BRDA:14,3,1,1559
BRDA:27,4,0,10
BRDA:27,4,1,8392
BRDA:30,5,0,71
BRDA:30,5,1,8321
BRF:12
BRH:12
end_of_record
TN:
SF:src/server/functions/9-best-economy-super-overs.js
FN:1,(anonymous_0)
FN:7,(anonymous_1)
FN:34,(anonymous_2)
FN:40,(anonymous_3)
FNF:4
FNH:4
FNDA:3,(anonymous_0)
FNDA:200461,(anonymous_1)
FNDA:25,(anonymous_2)
FNDA:64,(anonymous_3)
DA:1,1
DA:2,3
DA:3,1
DA:6,2
DA:7,2
DA:8,200461
DA:9,200461
DA:12,200461
DA:13,200461
DA:15,200461
DA:16,110
DA:17,25
DA:19,85
DA:20,85
DA:22,110
DA:23,9
DA:28,2
DA:29,25
DA:30,25
DA:31,25
DA:34,2
DA:35,25
DA:40,64
DA:41,2
DA:42,2
DA:44,2
DA:45,4
DA:46,2
DA:52,2
DA:56,2
DA:59,1
LF:31
LH:31
BRDA:2,0,0,1
BRDA:2,0,1,2
BRDA:15,1,0,110
BRDA:15,1,1,200351
BRDA:16,2,0,25
BRDA:16,2,1,85
BRDA:22,3,0,9
BRDA:22,3,1,101
BRDA:22,4,0,110
BRDA:22,4,1,106
BRDA:45,5,0,2
BRDA:45,5,1,2
BRF:12
BRH:12
end_of_record
